app/build/intermediates/manifest_merge_blame_file/debug/manifest-merger-blame-debug-report.txt
1<?xml version="1.0" encoding="utf-8"?>
2<manifest xmlns:android="http://schemas.android.com/apk/res/android"
3    package="com.example.myshows"
4    android:versionCode="1"
5    android:versionName="1.0" >
6
7    <uses-sdk
8        android:minSdkVersion="33"
9        android:targetSdkVersion="34" />
10
11    <uses-permission android:name="android.permission.INTERNET" />
11-->[com.google.firebase:firebase-auth:22.3.0] AndroidManifest.xml:25:5-67
11-->[com.google.firebase:firebase-auth:22.3.0] AndroidManifest.xml:25:22-64
12    <uses-permission android:name="android.permission.ACCESS_NETWORK_STATE" />
12-->[com.google.firebase:firebase-auth:22.3.0] AndroidManifest.xml:26:5-79
12-->[com.google.firebase:firebase-auth:22.3.0] AndroidManifest.xml:26:22-76
13
14    <permission
14-->[androidx.core:core:1.9.0] AndroidManifest.xml:22:5-24:47
15        android:name="com.example.myshows.DYNAMIC_RECEIVER_NOT_EXPORTED_PERMISSION"
15-->[androidx.core:core:1.9.0] AndroidManifest.xml:23:9-81
16        android:protectionLevel="signature" />
16-->[androidx.core:core:1.9.0] AndroidManifest.xml:24:9-44
17
18    <uses-permission android:name="com.example.myshows.DYNAMIC_RECEIVER_NOT_EXPORTED_PERMISSION" />
18-->[androidx.core:core:1.9.0] AndroidManifest.xml:26:5-97
18-->[androidx.core:core:1.9.0] AndroidManifest.xml:26:22-94
19
20    <application
20-->src\main\AndroidManifest.xml:5:5-30:19
21        android:allowBackup="true"
21-->src\main\AndroidManifest.xml:6:9-35
22        android:appComponentFactory="androidx.core.app.CoreComponentFactory"
22-->[androidx.core:core:1.9.0] AndroidManifest.xml:28:18-86
23        android:dataExtractionRules="@xml/data_extraction_rules"
23-->src\main\AndroidManifest.xml:7:9-65
24        android:debuggable="true"
25        android:extractNativeLibs="false"
26        android:fullBackupContent="@xml/backup_rules"
26-->src\main\AndroidManifest.xml:8:9-54
27        android:icon="@mipmap/ic_launcher"
27-->src\main\AndroidManifest.xml:9:9-43
28        android:label="@string/app_name"
28-->src\main\AndroidManifest.xml:10:9-41
29        android:roundIcon="@mipmap/ic_launcher_round"
29-->src\main\AndroidManifest.xml:11:9-54
30        android:supportsRtl="true"
30-->src\main\AndroidManifest.xml:12:9-35
31        android:testOnly="true"
32        android:theme="@style/Theme.MyShows" >
32-->src\main\AndroidManifest.xml:13:9-45
33        <activity
33-->src\main\AndroidManifest.xml:15:9-17:40
34            android:name="com.example.myshows.ListaSeriesActivity"
34-->src\main\AndroidManifest.xml:16:13-48
35            android:exported="false" />
35-->src\main\AndroidManifest.xml:17:13-37
36        <activity
36-->src\main\AndroidManifest.xml:18:9-20:40
37            android:name="com.example.myshows.Login"
37-->src\main\AndroidManifest.xml:19:13-34
38            android:exported="false" />
38-->src\main\AndroidManifest.xml:20:13-37
39        <activity
39-->src\main\AndroidManifest.xml:21:9-29:20
40            android:name="com.example.myshows.MainActivity"
40-->src\main\AndroidManifest.xml:22:13-41
41            android:exported="true" >
41-->src\main\AndroidManifest.xml:23:13-36
42            <intent-filter>
42-->src\main\AndroidManifest.xml:24:13-28:29
43                <action android:name="android.intent.action.MAIN" />
43-->src\main\AndroidManifest.xml:25:17-69
43-->src\main\AndroidManifest.xml:25:25-66
44
45                <category android:name="android.intent.category.LAUNCHER" />
45-->src\main\AndroidManifest.xml:27:17-77
45-->src\main\AndroidManifest.xml:27:27-74
46            </intent-filter>
47        </activity>
48        <activity
48-->[com.google.firebase:firebase-auth:22.3.0] AndroidManifest.xml:29:9-46:20
49            android:name="com.google.firebase.auth.internal.GenericIdpActivity"
49-->[com.google.firebase:firebase-auth:22.3.0] AndroidManifest.xml:30:13-80
50            android:excludeFromRecents="true"
50-->[com.google.firebase:firebase-auth:22.3.0] AndroidManifest.xml:31:13-46
51            android:exported="true"
51-->[com.google.firebase:firebase-auth:22.3.0] AndroidManifest.xml:32:13-36
52            android:launchMode="singleTask"
52-->[com.google.firebase:firebase-auth:22.3.0] AndroidManifest.xml:33:13-44
53            android:theme="@android:style/Theme.Translucent.NoTitleBar" >
53-->[com.google.firebase:firebase-auth:22.3.0] AndroidManifest.xml:34:13-72
54            <intent-filter>
54-->[com.google.firebase:firebase-auth:22.3.0] AndroidManifest.xml:35:13-45:29
55                <action android:name="android.intent.action.VIEW" />
55-->[com.google.firebase:firebase-auth:22.3.0] AndroidManifest.xml:36:17-69
55-->[com.google.firebase:firebase-auth:22.3.0] AndroidManifest.xml:36:25-66
56
57                <category android:name="android.intent.category.DEFAULT" />
57-->[com.google.firebase:firebase-auth:22.3.0] AndroidManifest.xml:38:17-76
57-->[com.google.firebase:firebase-auth:22.3.0] AndroidManifest.xml:38:27-73
58                <category android:name="android.intent.category.BROWSABLE" />
58-->[com.google.firebase:firebase-auth:22.3.0] AndroidManifest.xml:39:17-78
58-->[com.google.firebase:firebase-auth:22.3.0] AndroidManifest.xml:39:27-75
59
60                <data
60-->[com.google.firebase:firebase-auth:22.3.0] AndroidManifest.xml:41:17-44:51
61                    android:host="firebase.auth"
61-->[com.google.firebase:firebase-auth:22.3.0] AndroidManifest.xml:42:21-49
62                    android:path="/"
62-->[com.google.firebase:firebase-auth:22.3.0] AndroidManifest.xml:43:21-37
63                    android:scheme="genericidp" />
63-->[com.google.firebase:firebase-auth:22.3.0] AndroidManifest.xml:44:21-48
64            </intent-filter>
65        </activity>
66        <activity
66-->[com.google.firebase:firebase-auth:22.3.0] AndroidManifest.xml:47:9-64:20
67            android:name="com.google.firebase.auth.internal.RecaptchaActivity"
67-->[com.google.firebase:firebase-auth:22.3.0] AndroidManifest.xml:48:13-79
68            android:excludeFromRecents="true"
68-->[com.google.firebase:firebase-auth:22.3.0] AndroidManifest.xml:49:13-46
69            android:exported="true"
69-->[com.google.firebase:firebase-auth:22.3.0] AndroidManifest.xml:50:13-36
70            android:launchMode="singleTask"
70-->[com.google.firebase:firebase-auth:22.3.0] AndroidManifest.xml:51:13-44
71            android:theme="@android:style/Theme.Translucent.NoTitleBar" >
71-->[com.google.firebase:firebase-auth:22.3.0] AndroidManifest.xml:52:13-72
72            <intent-filter>
72-->[com.google.firebase:firebase-auth:22.3.0] AndroidManifest.xml:53:13-63:29
73                <action android:name="android.intent.action.VIEW" />
73-->[com.google.firebase:firebase-auth:22.3.0] AndroidManifest.xml:36:17-69
73-->[com.google.firebase:firebase-auth:22.3.0] AndroidManifest.xml:36:25-66
74
75                <category android:name="android.intent.category.DEFAULT" />
75-->[com.google.firebase:firebase-auth:22.3.0] AndroidManifest.xml:38:17-76
75-->[com.google.firebase:firebase-auth:22.3.0] AndroidManifest.xml:38:27-73
76                <category android:name="android.intent.category.BROWSABLE" />
76-->[com.google.firebase:firebase-auth:22.3.0] AndroidManifest.xml:39:17-78
76-->[com.google.firebase:firebase-auth:22.3.0] AndroidManifest.xml:39:27-75
77
78                <data
78-->[com.google.firebase:firebase-auth:22.3.0] AndroidManifest.xml:41:17-44:51
79                    android:host="firebase.auth"
79-->[com.google.firebase:firebase-auth:22.3.0] AndroidManifest.xml:42:21-49
80                    android:path="/"
80-->[com.google.firebase:firebase-auth:22.3.0] AndroidManifest.xml:43:21-37
81                    android:scheme="recaptcha" />
81-->[com.google.firebase:firebase-auth:22.3.0] AndroidManifest.xml:44:21-48
82            </intent-filter>
83        </activity>
84
85        <service
85-->[com.google.firebase:firebase-auth:22.3.0] AndroidManifest.xml:66:9-72:19
86            android:name="com.google.firebase.components.ComponentDiscoveryService"
86-->[com.google.firebase:firebase-auth:22.3.0] AndroidManifest.xml:67:13-84
87            android:directBootAware="true"
87-->[com.google.firebase:firebase-common:20.4.2] AndroidManifest.xml:32:13-43
88            android:exported="false" >
88-->[com.google.firebase:firebase-auth:22.3.0] AndroidManifest.xml:68:13-37
89            <meta-data
89-->[com.google.firebase:firebase-auth:22.3.0] AndroidManifest.xml:69:13-71:85
90                android:name="com.google.firebase.components:com.google.firebase.auth.FirebaseAuthRegistrar"
90-->[com.google.firebase:firebase-auth:22.3.0] AndroidManifest.xml:70:17-109
91                android:value="com.google.firebase.components.ComponentRegistrar" />
91-->[com.google.firebase:firebase-auth:22.3.0] AndroidManifest.xml:71:17-82
92            <meta-data
92-->[com.google.firebase:firebase-firestore:24.9.1] AndroidManifest.xml:17:13-19:85
93                android:name="com.google.firebase.components:com.google.firebase.firestore.FirebaseFirestoreKtxRegistrar"
93-->[com.google.firebase:firebase-firestore:24.9.1] AndroidManifest.xml:18:17-122
94                android:value="com.google.firebase.components.ComponentRegistrar" />
94-->[com.google.firebase:firebase-firestore:24.9.1] AndroidManifest.xml:19:17-82
95            <meta-data
95-->[com.google.firebase:firebase-firestore:24.9.1] AndroidManifest.xml:20:13-22:85
96                android:name="com.google.firebase.components:com.google.firebase.firestore.FirestoreRegistrar"
96-->[com.google.firebase:firebase-firestore:24.9.1] AndroidManifest.xml:21:17-111
97                android:value="com.google.firebase.components.ComponentRegistrar" />
97-->[com.google.firebase:firebase-firestore:24.9.1] AndroidManifest.xml:22:17-82
98            <meta-data
98-->[com.google.firebase:firebase-database:20.3.0] AndroidManifest.xml:29:13-31:85
99                android:name="com.google.firebase.components:com.google.firebase.database.FirebaseDatabaseKtxRegistrar"
99-->[com.google.firebase:firebase-database:20.3.0] AndroidManifest.xml:30:17-120
100                android:value="com.google.firebase.components.ComponentRegistrar" />
100-->[com.google.firebase:firebase-database:20.3.0] AndroidManifest.xml:31:17-82
101            <meta-data
101-->[com.google.firebase:firebase-database:20.3.0] AndroidManifest.xml:32:13-34:85
102                android:name="com.google.firebase.components:com.google.firebase.database.DatabaseRegistrar"
102-->[com.google.firebase:firebase-database:20.3.0] AndroidManifest.xml:33:17-109
103                android:value="com.google.firebase.components.ComponentRegistrar" />
103-->[com.google.firebase:firebase-database:20.3.0] AndroidManifest.xml:34:17-82
104            <meta-data
104-->[com.google.firebase:firebase-common-ktx:20.4.2] AndroidManifest.xml:12:13-14:85
105                android:name="com.google.firebase.components:com.google.firebase.ktx.FirebaseCommonLegacyRegistrar"
105-->[com.google.firebase:firebase-common-ktx:20.4.2] AndroidManifest.xml:13:17-116
106                android:value="com.google.firebase.components.ComponentRegistrar" />
106-->[com.google.firebase:firebase-common-ktx:20.4.2] AndroidManifest.xml:14:17-82
107            <meta-data
107-->[com.google.firebase:firebase-common:20.4.2] AndroidManifest.xml:35:13-37:85
108                android:name="com.google.firebase.components:com.google.firebase.FirebaseCommonKtxRegistrar"
108-->[com.google.firebase:firebase-common:20.4.2] AndroidManifest.xml:36:17-109
109                android:value="com.google.firebase.components.ComponentRegistrar" />
109-->[com.google.firebase:firebase-common:20.4.2] AndroidManifest.xml:37:17-82
110        </service>
111
112        <provider
112-->[com.google.firebase:firebase-common:20.4.2] AndroidManifest.xml:23:9-28:39
113            android:name="com.google.firebase.provider.FirebaseInitProvider"
113-->[com.google.firebase:firebase-common:20.4.2] AndroidManifest.xml:24:13-77
114            android:authorities="com.example.myshows.firebaseinitprovider"
114-->[com.google.firebase:firebase-common:20.4.2] AndroidManifest.xml:25:13-72
115            android:directBootAware="true"
115-->[com.google.firebase:firebase-common:20.4.2] AndroidManifest.xml:26:13-43
116            android:exported="false"
116-->[com.google.firebase:firebase-common:20.4.2] AndroidManifest.xml:27:13-37
117            android:initOrder="100" />
117-->[com.google.firebase:firebase-common:20.4.2] AndroidManifest.xml:28:13-36
118
119        <activity
119-->[com.google.android.gms:play-services-base:18.1.0] AndroidManifest.xml:20:9-22:45
120            android:name="com.google.android.gms.common.api.GoogleApiActivity"
120-->[com.google.android.gms:play-services-base:18.1.0] AndroidManifest.xml:20:19-85
121            android:exported="false"
121-->[com.google.android.gms:play-services-base:18.1.0] AndroidManifest.xml:22:19-43
122            android:theme="@android:style/Theme.Translucent.NoTitleBar" />
122-->[com.google.android.gms:play-services-base:18.1.0] AndroidManifest.xml:21:19-78
123
124        <provider
124-->[androidx.emoji2:emoji2:1.2.0] AndroidManifest.xml:24:9-32:20
125            android:name="androidx.startup.InitializationProvider"
125-->[androidx.emoji2:emoji2:1.2.0] AndroidManifest.xml:25:13-67
126            android:authorities="com.example.myshows.androidx-startup"
126-->[androidx.emoji2:emoji2:1.2.0] AndroidManifest.xml:26:13-68
127            android:exported="false" >
127-->[androidx.emoji2:emoji2:1.2.0] AndroidManifest.xml:27:13-37
128            <meta-data
128-->[androidx.emoji2:emoji2:1.2.0] AndroidManifest.xml:29:13-31:52
129                android:name="androidx.emoji2.text.EmojiCompatInitializer"
129-->[androidx.emoji2:emoji2:1.2.0] AndroidManifest.xml:30:17-75
130                android:value="androidx.startup" />
130-->[androidx.emoji2:emoji2:1.2.0] AndroidManifest.xml:31:17-49
131            <meta-data
131-->[androidx.lifecycle:lifecycle-process:2.6.1] AndroidManifest.xml:29:13-31:52
132                android:name="androidx.lifecycle.ProcessLifecycleInitializer"
132-->[androidx.lifecycle:lifecycle-process:2.6.1] AndroidManifest.xml:30:17-78
133                android:value="androidx.startup" />
133-->[androidx.lifecycle:lifecycle-process:2.6.1] AndroidManifest.xml:31:17-49
134            <meta-data
134-->[androidx.profileinstaller:profileinstaller:1.3.0] AndroidManifest.xml:29:13-31:52
135                android:name="androidx.profileinstaller.ProfileInstallerInitializer"
135-->[androidx.profileinstaller:profileinstaller:1.3.0] AndroidManifest.xml:30:17-85
136                android:value="androidx.startup" />
136-->[androidx.profileinstaller:profileinstaller:1.3.0] AndroidManifest.xml:31:17-49
137        </provider>
138
139        <meta-data
139-->[com.google.android.gms:play-services-basement:18.1.0] AndroidManifest.xml:21:9-23:69
140            android:name="com.google.android.gms.version"
140-->[com.google.android.gms:play-services-basement:18.1.0] AndroidManifest.xml:22:13-58
141            android:value="@integer/google_play_services_version" />
141-->[com.google.android.gms:play-services-basement:18.1.0] AndroidManifest.xml:23:13-66
142
143        <receiver
143-->[androidx.profileinstaller:profileinstaller:1.3.0] AndroidManifest.xml:34:9-52:20
144            android:name="androidx.profileinstaller.ProfileInstallReceiver"
144-->[androidx.profileinstaller:profileinstaller:1.3.0] AndroidManifest.xml:35:13-76
145            android:directBootAware="false"
145-->[androidx.profileinstaller:profileinstaller:1.3.0] AndroidManifest.xml:36:13-44
146            android:enabled="true"
146-->[androidx.profileinstaller:profileinstaller:1.3.0] AndroidManifest.xml:37:13-35
147            android:exported="true"
147-->[androidx.profileinstaller:profileinstaller:1.3.0] AndroidManifest.xml:38:13-36
148            android:permission="android.permission.DUMP" >
148-->[androidx.profileinstaller:profileinstaller:1.3.0] AndroidManifest.xml:39:13-57
149            <intent-filter>
149-->[androidx.profileinstaller:profileinstaller:1.3.0] AndroidManifest.xml:40:13-42:29
150                <action android:name="androidx.profileinstaller.action.INSTALL_PROFILE" />
150-->[androidx.profileinstaller:profileinstaller:1.3.0] AndroidManifest.xml:41:17-91
150-->[androidx.profileinstaller:profileinstaller:1.3.0] AndroidManifest.xml:41:25-88
151            </intent-filter>
152            <intent-filter>
152-->[androidx.profileinstaller:profileinstaller:1.3.0] AndroidManifest.xml:43:13-45:29
153                <action android:name="androidx.profileinstaller.action.SKIP_FILE" />
153-->[androidx.profileinstaller:profileinstaller:1.3.0] AndroidManifest.xml:44:17-85
153-->[androidx.profileinstaller:profileinstaller:1.3.0] AndroidManifest.xml:44:25-82
154            </intent-filter>
155            <intent-filter>
155-->[androidx.profileinstaller:profileinstaller:1.3.0] AndroidManifest.xml:46:13-48:29
156                <action android:name="androidx.profileinstaller.action.SAVE_PROFILE" />
156-->[androidx.profileinstaller:profileinstaller:1.3.0] AndroidManifest.xml:47:17-88
156-->[androidx.profileinstaller:profileinstaller:1.3.0] AndroidManifest.xml:47:25-85
157            </intent-filter>
158            <intent-filter>
158-->[androidx.profileinstaller:profileinstaller:1.3.0] AndroidManifest.xml:49:13-51:29
159                <action android:name="androidx.profileinstaller.action.BENCHMARK_OPERATION" />
159-->[androidx.profileinstaller:profileinstaller:1.3.0] AndroidManifest.xml:50:17-95
159-->[androidx.profileinstaller:profileinstaller:1.3.0] AndroidManifest.xml:50:25-92
160            </intent-filter>
161        </receiver>
162    </application>
163
164</manifest>